ARM GAS  /tmp/ccZpiQRu.s 			page 1


   1              		.cpu cortex-m3
   2              		.eabi_attribute 20, 1
   3              		.eabi_attribute 21, 1
   4              		.eabi_attribute 23, 3
   5              		.eabi_attribute 24, 1
   6              		.eabi_attribute 25, 1
   7              		.eabi_attribute 26, 1
   8              		.eabi_attribute 30, 1
   9              		.eabi_attribute 34, 1
  10              		.eabi_attribute 18, 4
  11              		.file	"app_param_dict.c"
  12              		.text
  13              	.Ltext0:
  14              		.cfi_sections	.debug_frame
  15              		.section	.text.APP_ParamDict_GetTable,"ax",%progbits
  16              		.align	1
  17              		.global	APP_ParamDict_GetTable
  18              		.arch armv7-m
  19              		.syntax unified
  20              		.thumb
  21              		.thumb_func
  22              		.fpu softvfp
  24              	APP_ParamDict_GetTable:
  25              	.LVL0:
  26              	.LFB0:
  27              		.file 1 "Core/Src/app_param_dict.c"
   1:Core/Src/app_param_dict.c **** #include "app_param_dict.h"
   2:Core/Src/app_param_dict.c **** #include <stddef.h>
   3:Core/Src/app_param_dict.c **** 
   4:Core/Src/app_param_dict.c **** /**
   5:Core/Src/app_param_dict.c ****  * @brief Internal global parameter dictionary.
   6:Core/Src/app_param_dict.c ****  *
   7:Core/Src/app_param_dict.c ****  * 目前仅填入少量示例参数，证明结构与接口工作正常。
   8:Core/Src/app_param_dict.c ****  * 后续可在此表中逐步追加项目文档中的所有参数。
   9:Core/Src/app_param_dict.c ****  */
  10:Core/Src/app_param_dict.c **** static ParamDef_t s_paramDict[] =
  11:Core/Src/app_param_dict.c **** {
  12:Core/Src/app_param_dict.c ****   /* 当前工作模式:
  13:Core/Src/app_param_dict.c ****    * - 示例取值范围 0~3 (例如：待机/单点/组网/测试)
  14:Core/Src/app_param_dict.c ****    * - 1 位整数，无小数
  15:Core/Src/app_param_dict.c ****    */
  16:Core/Src/app_param_dict.c ****   {
  17:Core/Src/app_param_dict.c ****     .id        = PARAM_ID_WORK_MODE,
  18:Core/Src/app_param_dict.c ****     .type      = PARAM_TYPE_UINT8,
  19:Core/Src/app_param_dict.c ****     .access    = PARAM_ACCESS_RW,
  20:Core/Src/app_param_dict.c ****     .min_value = 0,
  21:Core/Src/app_param_dict.c ****     .max_value = 3,
  22:Core/Src/app_param_dict.c ****     .scale     = 0,
  23:Core/Src/app_param_dict.c ****     .value     = 0
  24:Core/Src/app_param_dict.c ****   },
  25:Core/Src/app_param_dict.c **** 
  26:Core/Src/app_param_dict.c ****   /* 网口 IP 地址（示例）：
  27:Core/Src/app_param_dict.c ****    * 这里先用一个 32 位整型存储 IPv4 地址的整体数值，
  28:Core/Src/app_param_dict.c ****    * 以后也可以改成四个独立参数：IP1, IP2, IP3, IP4。
  29:Core/Src/app_param_dict.c ****    */
  30:Core/Src/app_param_dict.c ****   {
  31:Core/Src/app_param_dict.c ****     .id        = PARAM_ID_NET_IP_ADDR,
ARM GAS  /tmp/ccZpiQRu.s 			page 2


  32:Core/Src/app_param_dict.c ****     .type      = PARAM_TYPE_UINT32,
  33:Core/Src/app_param_dict.c ****     .access    = PARAM_ACCESS_RW,
  34:Core/Src/app_param_dict.c ****     .min_value = 0x00000000,
  35:Core/Src/app_param_dict.c ****     .max_value = 0xFFFFFFFF,
  36:Core/Src/app_param_dict.c ****     .scale     = 0,
  37:Core/Src/app_param_dict.c ****     .value     = 0xC0A80201  /* 默认 192.168.2.1 */
  38:Core/Src/app_param_dict.c ****   },
  39:Core/Src/app_param_dict.c **** 
  40:Core/Src/app_param_dict.c ****   /* 串口波特率：
  41:Core/Src/app_param_dict.c ****    * 支持的范围 1200 ~ 921600，仅作示例。
  42:Core/Src/app_param_dict.c ****    */
  43:Core/Src/app_param_dict.c ****   {
  44:Core/Src/app_param_dict.c ****     .id        = PARAM_ID_UART_BAUDRATE,
  45:Core/Src/app_param_dict.c ****     .type      = PARAM_TYPE_UINT32,
  46:Core/Src/app_param_dict.c ****     .access    = PARAM_ACCESS_RW,
  47:Core/Src/app_param_dict.c ****     .min_value = 1200,
  48:Core/Src/app_param_dict.c ****     .max_value = 921600,
  49:Core/Src/app_param_dict.c ****     .scale     = 0,
  50:Core/Src/app_param_dict.c ****     .value     = 115200
  51:Core/Src/app_param_dict.c ****   },
  52:Core/Src/app_param_dict.c **** 
  53:Core/Src/app_param_dict.c ****   /* 环境温度（只读状态量示例）：
  54:Core/Src/app_param_dict.c ****    * 使用 int16 存储，单位 0.1℃，即 251 表示 25.1℃。
  55:Core/Src/app_param_dict.c ****    * type 使用 SCALED_1000_I32 也可以，这里示例 int16 语义。
  56:Core/Src/app_param_dict.c ****    */
  57:Core/Src/app_param_dict.c ****   {
  58:Core/Src/app_param_dict.c ****     .id        = PARAM_ID_ENV_TEMPERATURE,
  59:Core/Src/app_param_dict.c ****     .type      = PARAM_TYPE_INT16,
  60:Core/Src/app_param_dict.c ****     .access    = PARAM_ACCESS_RO,
  61:Core/Src/app_param_dict.c ****     .min_value = -400,  /* -40.0 ℃ */
  62:Core/Src/app_param_dict.c ****     .max_value =  850,  /*  85.0 ℃ */
  63:Core/Src/app_param_dict.c ****     .scale     = 1,
  64:Core/Src/app_param_dict.c ****     .value     = 250    /* 25.0 ℃ 示例 */
  65:Core/Src/app_param_dict.c ****   },
  66:Core/Src/app_param_dict.c **** 
  67:Core/Src/app_param_dict.c ****   /* 路由协议：
  68:Core/Src/app_param_dict.c ****    * 0 = OLSR, 1 = AODV, 2 = BATMAN 等，范围 0~3 预留。
  69:Core/Src/app_param_dict.c ****    */
  70:Core/Src/app_param_dict.c ****   {
  71:Core/Src/app_param_dict.c ****     .id        = PARAM_ID_ROUTING_PROTOCOL,
  72:Core/Src/app_param_dict.c ****     .type      = PARAM_TYPE_UINT8,
  73:Core/Src/app_param_dict.c ****     .access    = PARAM_ACCESS_RW,
  74:Core/Src/app_param_dict.c ****     .min_value = 0,
  75:Core/Src/app_param_dict.c ****     .max_value = 3,
  76:Core/Src/app_param_dict.c ****     .scale     = 0,
  77:Core/Src/app_param_dict.c ****     .value     = 0
  78:Core/Src/app_param_dict.c ****   },
  79:Core/Src/app_param_dict.c **** 
  80:Core/Src/app_param_dict.c ****   /* 0x05 基础信息（状态量，来自主控回包） */
  81:Core/Src/app_param_dict.c ****   {
  82:Core/Src/app_param_dict.c ****     .id        = PARAM_ID_GPS_LONGITUDE,
  83:Core/Src/app_param_dict.c ****     .type      = PARAM_TYPE_INT32,
  84:Core/Src/app_param_dict.c ****     .access    = PARAM_ACCESS_RO,
  85:Core/Src/app_param_dict.c ****     .min_value = (-2147483647 - 1),
  86:Core/Src/app_param_dict.c ****     .max_value = 2147483647,
  87:Core/Src/app_param_dict.c ****     .scale     = 0,
  88:Core/Src/app_param_dict.c ****     .value     = 0
ARM GAS  /tmp/ccZpiQRu.s 			page 3


  89:Core/Src/app_param_dict.c ****   },
  90:Core/Src/app_param_dict.c ****   {
  91:Core/Src/app_param_dict.c ****     .id        = PARAM_ID_GPS_LATITUDE,
  92:Core/Src/app_param_dict.c ****     .type      = PARAM_TYPE_INT32,
  93:Core/Src/app_param_dict.c ****     .access    = PARAM_ACCESS_RO,
  94:Core/Src/app_param_dict.c ****     .min_value = (-2147483647 - 1),
  95:Core/Src/app_param_dict.c ****     .max_value = 2147483647,
  96:Core/Src/app_param_dict.c ****     .scale     = 0,
  97:Core/Src/app_param_dict.c ****     .value     = 0
  98:Core/Src/app_param_dict.c ****   },
  99:Core/Src/app_param_dict.c ****   {
 100:Core/Src/app_param_dict.c ****     .id        = PARAM_ID_GPS_ALTITUDE,
 101:Core/Src/app_param_dict.c ****     .type      = PARAM_TYPE_INT16,
 102:Core/Src/app_param_dict.c ****     .access    = PARAM_ACCESS_RO,
 103:Core/Src/app_param_dict.c ****     .min_value = -32768,
 104:Core/Src/app_param_dict.c ****     .max_value = 32767,
 105:Core/Src/app_param_dict.c ****     .scale     = 0,
 106:Core/Src/app_param_dict.c ****     .value     = 0
 107:Core/Src/app_param_dict.c ****   },
 108:Core/Src/app_param_dict.c ****   {
 109:Core/Src/app_param_dict.c ****     .id        = PARAM_ID_SAT_LOCK,
 110:Core/Src/app_param_dict.c ****     .type      = PARAM_TYPE_UINT8,
 111:Core/Src/app_param_dict.c ****     .access    = PARAM_ACCESS_RO,
 112:Core/Src/app_param_dict.c ****     .min_value = 0,
 113:Core/Src/app_param_dict.c ****     .max_value = 1,
 114:Core/Src/app_param_dict.c ****     .scale     = 0,
 115:Core/Src/app_param_dict.c ****     .value     = 0
 116:Core/Src/app_param_dict.c ****   },
 117:Core/Src/app_param_dict.c **** 
 118:Core/Src/app_param_dict.c ****   /* 0x06 统计信息 */
 119:Core/Src/app_param_dict.c ****   {
 120:Core/Src/app_param_dict.c ****     .id        = PARAM_ID_ETH_TX_CNT,
 121:Core/Src/app_param_dict.c ****     .type      = PARAM_TYPE_UINT32,
 122:Core/Src/app_param_dict.c ****     .access    = PARAM_ACCESS_RO,
 123:Core/Src/app_param_dict.c ****     .min_value = 0,
 124:Core/Src/app_param_dict.c ****     .max_value = 2147483647,
 125:Core/Src/app_param_dict.c ****     .scale     = 0,
 126:Core/Src/app_param_dict.c ****     .value     = 0
 127:Core/Src/app_param_dict.c ****   },
 128:Core/Src/app_param_dict.c ****   {
 129:Core/Src/app_param_dict.c ****     .id        = PARAM_ID_ETH_RX_CNT,
 130:Core/Src/app_param_dict.c ****     .type      = PARAM_TYPE_UINT32,
 131:Core/Src/app_param_dict.c ****     .access    = PARAM_ACCESS_RO,
 132:Core/Src/app_param_dict.c ****     .min_value = 0,
 133:Core/Src/app_param_dict.c ****     .max_value = 2147483647,
 134:Core/Src/app_param_dict.c ****     .scale     = 0,
 135:Core/Src/app_param_dict.c ****     .value     = 0
 136:Core/Src/app_param_dict.c ****   },
 137:Core/Src/app_param_dict.c ****   {
 138:Core/Src/app_param_dict.c ****     .id        = PARAM_ID_VOICE_TX_CNT,
 139:Core/Src/app_param_dict.c ****     .type      = PARAM_TYPE_UINT32,
 140:Core/Src/app_param_dict.c ****     .access    = PARAM_ACCESS_RO,
 141:Core/Src/app_param_dict.c ****     .min_value = 0,
 142:Core/Src/app_param_dict.c ****     .max_value = 2147483647,
 143:Core/Src/app_param_dict.c ****     .scale     = 0,
 144:Core/Src/app_param_dict.c ****     .value     = 0
 145:Core/Src/app_param_dict.c ****   },
ARM GAS  /tmp/ccZpiQRu.s 			page 4


 146:Core/Src/app_param_dict.c ****   {
 147:Core/Src/app_param_dict.c ****     .id        = PARAM_ID_VOICE_RX_CNT,
 148:Core/Src/app_param_dict.c ****     .type      = PARAM_TYPE_UINT32,
 149:Core/Src/app_param_dict.c ****     .access    = PARAM_ACCESS_RO,
 150:Core/Src/app_param_dict.c ****     .min_value = 0,
 151:Core/Src/app_param_dict.c ****     .max_value = 2147483647,
 152:Core/Src/app_param_dict.c ****     .scale     = 0,
 153:Core/Src/app_param_dict.c ****     .value     = 0
 154:Core/Src/app_param_dict.c ****   },
 155:Core/Src/app_param_dict.c **** 
 156:Core/Src/app_param_dict.c ****   /* 0x07 自检状态 */
 157:Core/Src/app_param_dict.c ****   {
 158:Core/Src/app_param_dict.c ****     .id        = PARAM_ID_BATTERY_CAP,
 159:Core/Src/app_param_dict.c ****     .type      = PARAM_TYPE_UINT8,
 160:Core/Src/app_param_dict.c ****     .access    = PARAM_ACCESS_RO,
 161:Core/Src/app_param_dict.c ****     .min_value = 0,
 162:Core/Src/app_param_dict.c ****     .max_value = 100,
 163:Core/Src/app_param_dict.c ****     .scale     = 0,
 164:Core/Src/app_param_dict.c ****     .value     = 0
 165:Core/Src/app_param_dict.c ****   },
 166:Core/Src/app_param_dict.c ****   {
 167:Core/Src/app_param_dict.c ****     .id        = PARAM_ID_FAN_STATE,
 168:Core/Src/app_param_dict.c ****     .type      = PARAM_TYPE_UINT8,
 169:Core/Src/app_param_dict.c ****     .access    = PARAM_ACCESS_RO,
 170:Core/Src/app_param_dict.c ****     .min_value = 0,
 171:Core/Src/app_param_dict.c ****     .max_value = 255,
 172:Core/Src/app_param_dict.c ****     .scale     = 0,
 173:Core/Src/app_param_dict.c ****     .value     = 0
 174:Core/Src/app_param_dict.c ****   },
 175:Core/Src/app_param_dict.c **** 
 176:Core/Src/app_param_dict.c ****   /* 0x08 开机显示参数 */
 177:Core/Src/app_param_dict.c ****   {
 178:Core/Src/app_param_dict.c ****     .id        = PARAM_ID_TIME_HOUR,
 179:Core/Src/app_param_dict.c ****     .type      = PARAM_TYPE_UINT8,
 180:Core/Src/app_param_dict.c ****     .access    = PARAM_ACCESS_RO,
 181:Core/Src/app_param_dict.c ****     .min_value = 0,
 182:Core/Src/app_param_dict.c ****     .max_value = 23,
 183:Core/Src/app_param_dict.c ****     .scale     = 0,
 184:Core/Src/app_param_dict.c ****     .value     = 0
 185:Core/Src/app_param_dict.c ****   },
 186:Core/Src/app_param_dict.c ****   {
 187:Core/Src/app_param_dict.c ****     .id        = PARAM_ID_TIME_MINUTE,
 188:Core/Src/app_param_dict.c ****     .type      = PARAM_TYPE_UINT8,
 189:Core/Src/app_param_dict.c ****     .access    = PARAM_ACCESS_RO,
 190:Core/Src/app_param_dict.c ****     .min_value = 0,
 191:Core/Src/app_param_dict.c ****     .max_value = 59,
 192:Core/Src/app_param_dict.c ****     .scale     = 0,
 193:Core/Src/app_param_dict.c ****     .value     = 0
 194:Core/Src/app_param_dict.c ****   },
 195:Core/Src/app_param_dict.c ****   {
 196:Core/Src/app_param_dict.c ****     .id        = PARAM_ID_TIME_SECOND,
 197:Core/Src/app_param_dict.c ****     .type      = PARAM_TYPE_UINT8,
 198:Core/Src/app_param_dict.c ****     .access    = PARAM_ACCESS_RO,
 199:Core/Src/app_param_dict.c ****     .min_value = 0,
 200:Core/Src/app_param_dict.c ****     .max_value = 59,
 201:Core/Src/app_param_dict.c ****     .scale     = 0,
 202:Core/Src/app_param_dict.c ****     .value     = 0
ARM GAS  /tmp/ccZpiQRu.s 			page 5


 203:Core/Src/app_param_dict.c ****   },
 204:Core/Src/app_param_dict.c ****   {
 205:Core/Src/app_param_dict.c ****     .id        = PARAM_ID_NET_JOIN_STATE,
 206:Core/Src/app_param_dict.c ****     .type      = PARAM_TYPE_UINT8,
 207:Core/Src/app_param_dict.c ****     .access    = PARAM_ACCESS_RO,
 208:Core/Src/app_param_dict.c ****     .min_value = 0,
 209:Core/Src/app_param_dict.c ****     .max_value = 1,
 210:Core/Src/app_param_dict.c ****     .scale     = 0,
 211:Core/Src/app_param_dict.c ****     .value     = 0
 212:Core/Src/app_param_dict.c ****   },
 213:Core/Src/app_param_dict.c ****   {
 214:Core/Src/app_param_dict.c ****     .id        = PARAM_ID_WAVEFORM_GEAR,
 215:Core/Src/app_param_dict.c ****     .type      = PARAM_TYPE_UINT8,
 216:Core/Src/app_param_dict.c ****     .access    = PARAM_ACCESS_RW,
 217:Core/Src/app_param_dict.c ****     .min_value = 0,
 218:Core/Src/app_param_dict.c ****     .max_value = 7,
 219:Core/Src/app_param_dict.c ****     .scale     = 0,
 220:Core/Src/app_param_dict.c ****     .value     = 0
 221:Core/Src/app_param_dict.c ****   },
 222:Core/Src/app_param_dict.c ****   {
 223:Core/Src/app_param_dict.c ****     .id        = PARAM_ID_SIGNAL_BANDWIDTH,
 224:Core/Src/app_param_dict.c ****     .type      = PARAM_TYPE_UINT8,
 225:Core/Src/app_param_dict.c ****     .access    = PARAM_ACCESS_RW,
 226:Core/Src/app_param_dict.c ****     .min_value = 0,
 227:Core/Src/app_param_dict.c ****     .max_value = 4,
 228:Core/Src/app_param_dict.c ****     .scale     = 0,
 229:Core/Src/app_param_dict.c ****     .value     = 0
 230:Core/Src/app_param_dict.c ****   },
 231:Core/Src/app_param_dict.c ****   {
 232:Core/Src/app_param_dict.c ****     .id        = PARAM_ID_FREQ_HOP_MODE,
 233:Core/Src/app_param_dict.c ****     .type      = PARAM_TYPE_UINT8,
 234:Core/Src/app_param_dict.c ****     .access    = PARAM_ACCESS_RW,
 235:Core/Src/app_param_dict.c ****     .min_value = 0,
 236:Core/Src/app_param_dict.c ****     .max_value = 1,
 237:Core/Src/app_param_dict.c ****     .scale     = 0,
 238:Core/Src/app_param_dict.c ****     .value     = 0
 239:Core/Src/app_param_dict.c ****   },
 240:Core/Src/app_param_dict.c ****   {
 241:Core/Src/app_param_dict.c ****     .id        = PARAM_ID_FIXED_FREQ,
 242:Core/Src/app_param_dict.c ****     .type      = PARAM_TYPE_UINT32,
 243:Core/Src/app_param_dict.c ****     .access    = PARAM_ACCESS_RW,
 244:Core/Src/app_param_dict.c ****     .min_value = 225000,
 245:Core/Src/app_param_dict.c ****     .max_value = 2500000,
 246:Core/Src/app_param_dict.c ****     .scale     = 3,
 247:Core/Src/app_param_dict.c ****     .value     = 225000
 248:Core/Src/app_param_dict.c ****   },
 249:Core/Src/app_param_dict.c ****   {
 250:Core/Src/app_param_dict.c ****     .id        = PARAM_ID_ADAPT_FREQ1,
 251:Core/Src/app_param_dict.c ****     .type      = PARAM_TYPE_UINT32,
 252:Core/Src/app_param_dict.c ****     .access    = PARAM_ACCESS_RW,
 253:Core/Src/app_param_dict.c ****     .min_value = 225000,
 254:Core/Src/app_param_dict.c ****     .max_value = 2500000,
 255:Core/Src/app_param_dict.c ****     .scale     = 3,
 256:Core/Src/app_param_dict.c ****     .value     = 225000
 257:Core/Src/app_param_dict.c ****   },
 258:Core/Src/app_param_dict.c ****   {
 259:Core/Src/app_param_dict.c ****     .id        = PARAM_ID_ADAPT_FREQ2,
ARM GAS  /tmp/ccZpiQRu.s 			page 6


 260:Core/Src/app_param_dict.c ****     .type      = PARAM_TYPE_UINT32,
 261:Core/Src/app_param_dict.c ****     .access    = PARAM_ACCESS_RW,
 262:Core/Src/app_param_dict.c ****     .min_value = 225000,
 263:Core/Src/app_param_dict.c ****     .max_value = 2500000,
 264:Core/Src/app_param_dict.c ****     .scale     = 3,
 265:Core/Src/app_param_dict.c ****     .value     = 225000
 266:Core/Src/app_param_dict.c ****   },
 267:Core/Src/app_param_dict.c ****   {
 268:Core/Src/app_param_dict.c ****     .id        = PARAM_ID_ADAPT_FREQ3,
 269:Core/Src/app_param_dict.c ****     .type      = PARAM_TYPE_UINT32,
 270:Core/Src/app_param_dict.c ****     .access    = PARAM_ACCESS_RW,
 271:Core/Src/app_param_dict.c ****     .min_value = 225000,
 272:Core/Src/app_param_dict.c ****     .max_value = 2500000,
 273:Core/Src/app_param_dict.c ****     .scale     = 3,
 274:Core/Src/app_param_dict.c ****     .value     = 225000
 275:Core/Src/app_param_dict.c ****   },
 276:Core/Src/app_param_dict.c ****   {
 277:Core/Src/app_param_dict.c ****     .id        = PARAM_ID_ADAPT_FREQ4,
 278:Core/Src/app_param_dict.c ****     .type      = PARAM_TYPE_UINT32,
 279:Core/Src/app_param_dict.c ****     .access    = PARAM_ACCESS_RW,
 280:Core/Src/app_param_dict.c ****     .min_value = 225000,
 281:Core/Src/app_param_dict.c ****     .max_value = 2500000,
 282:Core/Src/app_param_dict.c ****     .scale     = 3,
 283:Core/Src/app_param_dict.c ****     .value     = 225000
 284:Core/Src/app_param_dict.c ****   },
 285:Core/Src/app_param_dict.c ****   {
 286:Core/Src/app_param_dict.c ****     .id        = PARAM_ID_SPATIAL_FILTER,
 287:Core/Src/app_param_dict.c ****     .type      = PARAM_TYPE_UINT8,
 288:Core/Src/app_param_dict.c ****     .access    = PARAM_ACCESS_RO,
 289:Core/Src/app_param_dict.c ****     .min_value = 0,
 290:Core/Src/app_param_dict.c ****     .max_value = 1,
 291:Core/Src/app_param_dict.c ****     .scale     = 0,
 292:Core/Src/app_param_dict.c ****     .value     = 0
 293:Core/Src/app_param_dict.c ****   },
 294:Core/Src/app_param_dict.c ****   {
 295:Core/Src/app_param_dict.c ****     .id        = PARAM_ID_SYNC_MODE,
 296:Core/Src/app_param_dict.c ****     .type      = PARAM_TYPE_UINT8,
 297:Core/Src/app_param_dict.c ****     .access    = PARAM_ACCESS_RW,
 298:Core/Src/app_param_dict.c ****     .min_value = 0,
 299:Core/Src/app_param_dict.c ****     .max_value = 1,
 300:Core/Src/app_param_dict.c ****     .scale     = 0,
 301:Core/Src/app_param_dict.c ****     .value     = 0
 302:Core/Src/app_param_dict.c ****   },
 303:Core/Src/app_param_dict.c ****   {
 304:Core/Src/app_param_dict.c ****     .id        = PARAM_ID_TX_POWER,
 305:Core/Src/app_param_dict.c ****     .type      = PARAM_TYPE_UINT8,
 306:Core/Src/app_param_dict.c ****     .access    = PARAM_ACCESS_RW,
 307:Core/Src/app_param_dict.c ****     .min_value = 0,
 308:Core/Src/app_param_dict.c ****     .max_value = 2,
 309:Core/Src/app_param_dict.c ****     .scale     = 0,
 310:Core/Src/app_param_dict.c ****     .value     = 0
 311:Core/Src/app_param_dict.c ****   },
 312:Core/Src/app_param_dict.c ****   {
 313:Core/Src/app_param_dict.c ****     .id        = PARAM_ID_TX_POWER_ATTEN,
 314:Core/Src/app_param_dict.c ****     .type      = PARAM_TYPE_UINT8,
 315:Core/Src/app_param_dict.c ****     .access    = PARAM_ACCESS_RW,
 316:Core/Src/app_param_dict.c ****     .min_value = 0,
ARM GAS  /tmp/ccZpiQRu.s 			page 7


 317:Core/Src/app_param_dict.c ****     .max_value = 90,
 318:Core/Src/app_param_dict.c ****     .scale     = 0,
 319:Core/Src/app_param_dict.c ****     .value     = 0
 320:Core/Src/app_param_dict.c ****   },
 321:Core/Src/app_param_dict.c **** 
 322:Core/Src/app_param_dict.c ****   /* 0x09 邻居信息 */
 323:Core/Src/app_param_dict.c ****   {
 324:Core/Src/app_param_dict.c ****     .id        = PARAM_ID_NEIGHBOR_COUNT,
 325:Core/Src/app_param_dict.c ****     .type      = PARAM_TYPE_UINT8,
 326:Core/Src/app_param_dict.c ****     .access    = PARAM_ACCESS_RO,
 327:Core/Src/app_param_dict.c ****     .min_value = 0,
 328:Core/Src/app_param_dict.c ****     .max_value = 255,
 329:Core/Src/app_param_dict.c ****     .scale     = 0,
 330:Core/Src/app_param_dict.c ****     .value     = 0
 331:Core/Src/app_param_dict.c ****   },
 332:Core/Src/app_param_dict.c ****   {
 333:Core/Src/app_param_dict.c ****     .id        = PARAM_ID_NEIGHBOR_RSSI,
 334:Core/Src/app_param_dict.c ****     .type      = PARAM_TYPE_INT16,
 335:Core/Src/app_param_dict.c ****     .access    = PARAM_ACCESS_RO,
 336:Core/Src/app_param_dict.c ****     .min_value = -127,
 337:Core/Src/app_param_dict.c ****     .max_value = 127,
 338:Core/Src/app_param_dict.c ****     .scale     = 0,
 339:Core/Src/app_param_dict.c ****     .value     = 0
 340:Core/Src/app_param_dict.c ****   },
 341:Core/Src/app_param_dict.c **** 
 342:Core/Src/app_param_dict.c ****   {
 343:Core/Src/app_param_dict.c ****     .id        = PARAM_ID_UART_ACK_STATE,
 344:Core/Src/app_param_dict.c ****     .type      = PARAM_TYPE_UINT8,
 345:Core/Src/app_param_dict.c ****     .access    = PARAM_ACCESS_RO,
 346:Core/Src/app_param_dict.c ****     .min_value = 0,
 347:Core/Src/app_param_dict.c ****     .max_value = 3,
 348:Core/Src/app_param_dict.c ****     .scale     = 0,
 349:Core/Src/app_param_dict.c ****     .value     = 0
 350:Core/Src/app_param_dict.c ****   },
 351:Core/Src/app_param_dict.c ****   {
 352:Core/Src/app_param_dict.c ****     .id        = PARAM_ID_UART_ACK_CMD,
 353:Core/Src/app_param_dict.c ****     .type      = PARAM_TYPE_UINT8,
 354:Core/Src/app_param_dict.c ****     .access    = PARAM_ACCESS_RO,
 355:Core/Src/app_param_dict.c ****     .min_value = 0,
 356:Core/Src/app_param_dict.c ****     .max_value = 255,
 357:Core/Src/app_param_dict.c ****     .scale     = 0,
 358:Core/Src/app_param_dict.c ****     .value     = 0
 359:Core/Src/app_param_dict.c ****   }
 360:Core/Src/app_param_dict.c **** };
 361:Core/Src/app_param_dict.c **** 
 362:Core/Src/app_param_dict.c **** static const uint16_t s_paramCount = (uint16_t)(sizeof(s_paramDict) / sizeof(s_paramDict[0]));
 363:Core/Src/app_param_dict.c **** 
 364:Core/Src/app_param_dict.c **** const ParamDef_t *APP_ParamDict_GetTable(uint16_t *outCount)
 365:Core/Src/app_param_dict.c **** {
  28              		.loc 1 365 1 view -0
  29              		.cfi_startproc
  30              		@ args = 0, pretend = 0, frame = 0
  31              		@ frame_needed = 0, uses_anonymous_args = 0
  32              		@ link register save eliminated.
 366:Core/Src/app_param_dict.c ****   if (outCount != NULL)
  33              		.loc 1 366 3 view .LVU1
  34              		.loc 1 366 6 is_stmt 0 view .LVU2
ARM GAS  /tmp/ccZpiQRu.s 			page 8


  35 0000 08B1     		cbz	r0, .L2
 367:Core/Src/app_param_dict.c ****   {
 368:Core/Src/app_param_dict.c ****     *outCount = s_paramCount;
  36              		.loc 1 368 5 is_stmt 1 view .LVU3
  37              		.loc 1 368 15 is_stmt 0 view .LVU4
  38 0002 2322     		movs	r2, #35
  39 0004 0280     		strh	r2, [r0]	@ movhi
  40              	.L2:
 369:Core/Src/app_param_dict.c ****   }
 370:Core/Src/app_param_dict.c ****   return s_paramDict;
  41              		.loc 1 370 3 is_stmt 1 view .LVU5
 371:Core/Src/app_param_dict.c **** }
  42              		.loc 1 371 1 is_stmt 0 view .LVU6
  43 0006 0148     		ldr	r0, .L3
  44              	.LVL1:
  45              		.loc 1 371 1 view .LVU7
  46 0008 7047     		bx	lr
  47              	.L4:
  48 000a 00BF     		.align	2
  49              	.L3:
  50 000c 00000000 		.word	.LANCHOR0
  51              		.cfi_endproc
  52              	.LFE0:
  54              		.section	.text.APP_ParamDict_FindById,"ax",%progbits
  55              		.align	1
  56              		.global	APP_ParamDict_FindById
  57              		.syntax unified
  58              		.thumb
  59              		.thumb_func
  60              		.fpu softvfp
  62              	APP_ParamDict_FindById:
  63              	.LVL2:
  64              	.LFB1:
 372:Core/Src/app_param_dict.c **** 
 373:Core/Src/app_param_dict.c **** ParamDef_t *APP_ParamDict_FindById(ParamId_t id)
 374:Core/Src/app_param_dict.c **** {
  65              		.loc 1 374 1 is_stmt 1 view -0
  66              		.cfi_startproc
  67              		@ args = 0, pretend = 0, frame = 0
  68              		@ frame_needed = 0, uses_anonymous_args = 0
  69              		@ link register save eliminated.
 375:Core/Src/app_param_dict.c ****   for (uint16_t i = 0; i < s_paramCount; ++i)
  70              		.loc 1 375 3 view .LVU9
  71              	.LBB2:
  72              		.loc 1 375 8 view .LVU10
  73              		.loc 1 375 17 is_stmt 0 view .LVU11
  74 0000 0023     		movs	r3, #0
  75              	.LVL3:
  76              	.L6:
  77              		.loc 1 375 24 is_stmt 1 discriminator 1 view .LVU12
  78              		.loc 1 375 3 is_stmt 0 discriminator 1 view .LVU13
  79 0002 222B     		cmp	r3, #34
  80 0004 0ED8     		bhi	.L10
 376:Core/Src/app_param_dict.c ****   {
 377:Core/Src/app_param_dict.c ****     if (s_paramDict[i].id == id)
  81              		.loc 1 377 5 is_stmt 1 view .LVU14
  82              		.loc 1 377 23 is_stmt 0 view .LVU15
ARM GAS  /tmp/ccZpiQRu.s 			page 9


  83 0006 03EB8302 		add	r2, r3, r3, lsl #2
  84 000a 0749     		ldr	r1, .L12
  85 000c 31F82220 		ldrh	r2, [r1, r2, lsl #2]
  86              		.loc 1 377 8 view .LVU16
  87 0010 8242     		cmp	r2, r0
  88 0012 02D0     		beq	.L11
 375:Core/Src/app_param_dict.c ****   for (uint16_t i = 0; i < s_paramCount; ++i)
  89              		.loc 1 375 42 is_stmt 1 discriminator 2 view .LVU17
  90 0014 0133     		adds	r3, r3, #1
  91              	.LVL4:
 375:Core/Src/app_param_dict.c ****   for (uint16_t i = 0; i < s_paramCount; ++i)
  92              		.loc 1 375 42 is_stmt 0 discriminator 2 view .LVU18
  93 0016 9BB2     		uxth	r3, r3
  94              	.LVL5:
 375:Core/Src/app_param_dict.c ****   for (uint16_t i = 0; i < s_paramCount; ++i)
  95              		.loc 1 375 42 discriminator 2 view .LVU19
  96 0018 F3E7     		b	.L6
  97              	.L11:
 378:Core/Src/app_param_dict.c ****     {
 379:Core/Src/app_param_dict.c ****       return &s_paramDict[i];
  98              		.loc 1 379 7 is_stmt 1 view .LVU20
  99              		.loc 1 379 14 is_stmt 0 view .LVU21
 100 001a 03EB830C 		add	ip, r3, r3, lsl #2
 101 001e 01EB8C00 		add	r0, r1, ip, lsl #2
 102              	.LVL6:
 103              		.loc 1 379 14 view .LVU22
 104 0022 7047     		bx	lr
 105              	.LVL7:
 106              	.L10:
 107              		.loc 1 379 14 view .LVU23
 108              	.LBE2:
 380:Core/Src/app_param_dict.c ****     }
 381:Core/Src/app_param_dict.c ****   }
 382:Core/Src/app_param_dict.c ****   return NULL;
 109              		.loc 1 382 10 view .LVU24
 110 0024 0020     		movs	r0, #0
 111              	.LVL8:
 383:Core/Src/app_param_dict.c **** }
 112              		.loc 1 383 1 view .LVU25
 113 0026 7047     		bx	lr
 114              	.L13:
 115              		.align	2
 116              	.L12:
 117 0028 00000000 		.word	.LANCHOR0
 118              		.cfi_endproc
 119              	.LFE1:
 121              		.section	.text.APP_ParamDict_GetValue,"ax",%progbits
 122              		.align	1
 123              		.global	APP_ParamDict_GetValue
 124              		.syntax unified
 125              		.thumb
 126              		.thumb_func
 127              		.fpu softvfp
 129              	APP_ParamDict_GetValue:
 130              	.LVL9:
 131              	.LFB2:
 384:Core/Src/app_param_dict.c **** 
ARM GAS  /tmp/ccZpiQRu.s 			page 10


 385:Core/Src/app_param_dict.c **** bool APP_ParamDict_GetValue(ParamId_t id, int32_t *outVal)
 386:Core/Src/app_param_dict.c **** {
 132              		.loc 1 386 1 is_stmt 1 view -0
 133              		.cfi_startproc
 134              		@ args = 0, pretend = 0, frame = 0
 135              		@ frame_needed = 0, uses_anonymous_args = 0
 136              		.loc 1 386 1 is_stmt 0 view .LVU27
 137 0000 10B5     		push	{r4, lr}
 138              	.LCFI0:
 139              		.cfi_def_cfa_offset 8
 140              		.cfi_offset 4, -8
 141              		.cfi_offset 14, -4
 142 0002 0C46     		mov	r4, r1
 387:Core/Src/app_param_dict.c ****   ParamDef_t *param = APP_ParamDict_FindById(id);
 143              		.loc 1 387 3 is_stmt 1 view .LVU28
 144              		.loc 1 387 23 is_stmt 0 view .LVU29
 145 0004 FFF7FEFF 		bl	APP_ParamDict_FindById
 146              	.LVL10:
 388:Core/Src/app_param_dict.c ****   if ((param == NULL) || (outVal == NULL))
 147              		.loc 1 388 3 is_stmt 1 view .LVU30
 148              		.loc 1 388 6 is_stmt 0 view .LVU31
 149 0008 20B1     		cbz	r0, .L16
 150              		.loc 1 388 23 discriminator 1 view .LVU32
 151 000a 2CB1     		cbz	r4, .L17
 389:Core/Src/app_param_dict.c ****   {
 390:Core/Src/app_param_dict.c ****     return false;
 391:Core/Src/app_param_dict.c ****   }
 392:Core/Src/app_param_dict.c **** 
 393:Core/Src/app_param_dict.c ****   *outVal = param->value;
 152              		.loc 1 393 3 is_stmt 1 view .LVU33
 153              		.loc 1 393 18 is_stmt 0 view .LVU34
 154 000c 0369     		ldr	r3, [r0, #16]
 155              		.loc 1 393 11 view .LVU35
 156 000e 2360     		str	r3, [r4]
 394:Core/Src/app_param_dict.c ****   return true;
 157              		.loc 1 394 3 is_stmt 1 view .LVU36
 158              		.loc 1 394 10 is_stmt 0 view .LVU37
 159 0010 0120     		movs	r0, #1
 160              	.LVL11:
 161              	.L15:
 395:Core/Src/app_param_dict.c **** }
 162              		.loc 1 395 1 view .LVU38
 163 0012 10BD     		pop	{r4, pc}
 164              	.LVL12:
 165              	.L16:
 390:Core/Src/app_param_dict.c ****   }
 166              		.loc 1 390 12 view .LVU39
 167 0014 0020     		movs	r0, #0
 168              	.LVL13:
 390:Core/Src/app_param_dict.c ****   }
 169              		.loc 1 390 12 view .LVU40
 170 0016 FCE7     		b	.L15
 171              	.LVL14:
 172              	.L17:
 390:Core/Src/app_param_dict.c ****   }
 173              		.loc 1 390 12 view .LVU41
 174 0018 0020     		movs	r0, #0
ARM GAS  /tmp/ccZpiQRu.s 			page 11


 175              	.LVL15:
 390:Core/Src/app_param_dict.c ****   }
 176              		.loc 1 390 12 view .LVU42
 177 001a FAE7     		b	.L15
 178              		.cfi_endproc
 179              	.LFE2:
 181              		.section	.text.APP_ParamDict_TrySetValue,"ax",%progbits
 182              		.align	1
 183              		.global	APP_ParamDict_TrySetValue
 184              		.syntax unified
 185              		.thumb
 186              		.thumb_func
 187              		.fpu softvfp
 189              	APP_ParamDict_TrySetValue:
 190              	.LVL16:
 191              	.LFB3:
 396:Core/Src/app_param_dict.c **** 
 397:Core/Src/app_param_dict.c **** bool APP_ParamDict_TrySetValue(ParamId_t id, int32_t newVal)
 398:Core/Src/app_param_dict.c **** {
 192              		.loc 1 398 1 is_stmt 1 view -0
 193              		.cfi_startproc
 194              		@ args = 0, pretend = 0, frame = 0
 195              		@ frame_needed = 0, uses_anonymous_args = 0
 196              		.loc 1 398 1 is_stmt 0 view .LVU44
 197 0000 10B5     		push	{r4, lr}
 198              	.LCFI1:
 199              		.cfi_def_cfa_offset 8
 200              		.cfi_offset 4, -8
 201              		.cfi_offset 14, -4
 202 0002 0C46     		mov	r4, r1
 399:Core/Src/app_param_dict.c ****   ParamDef_t *param = APP_ParamDict_FindById(id);
 203              		.loc 1 399 3 is_stmt 1 view .LVU45
 204              		.loc 1 399 23 is_stmt 0 view .LVU46
 205 0004 FFF7FEFF 		bl	APP_ParamDict_FindById
 206              	.LVL17:
 400:Core/Src/app_param_dict.c ****   if (param == NULL)
 207              		.loc 1 400 3 is_stmt 1 view .LVU47
 208              		.loc 1 400 6 is_stmt 0 view .LVU48
 209 0008 58B1     		cbz	r0, .L21
 401:Core/Src/app_param_dict.c ****   {
 402:Core/Src/app_param_dict.c ****     return false;
 403:Core/Src/app_param_dict.c ****   }
 404:Core/Src/app_param_dict.c **** 
 405:Core/Src/app_param_dict.c ****   /* 只读参数不允许修改 */
 406:Core/Src/app_param_dict.c ****   if (param->access != PARAM_ACCESS_RW)
 210              		.loc 1 406 3 is_stmt 1 view .LVU49
 211              		.loc 1 406 12 is_stmt 0 view .LVU50
 212 000a C278     		ldrb	r2, [r0, #3]	@ zero_extendqisi2
 213              		.loc 1 406 6 view .LVU51
 214 000c 012A     		cmp	r2, #1
 215 000e 0AD1     		bne	.L22
 407:Core/Src/app_param_dict.c ****   {
 408:Core/Src/app_param_dict.c ****     return false;
 409:Core/Src/app_param_dict.c ****   }
 410:Core/Src/app_param_dict.c **** 
 411:Core/Src/app_param_dict.c ****   /* 边界检查 */
 412:Core/Src/app_param_dict.c ****   if ((newVal < param->min_value) || (newVal > param->max_value))
ARM GAS  /tmp/ccZpiQRu.s 			page 12


 216              		.loc 1 412 3 is_stmt 1 view .LVU52
 217              		.loc 1 412 22 is_stmt 0 view .LVU53
 218 0010 4268     		ldr	r2, [r0, #4]
 219              		.loc 1 412 6 view .LVU54
 220 0012 A242     		cmp	r2, r4
 221 0014 09DC     		bgt	.L23
 222              		.loc 1 412 53 discriminator 1 view .LVU55
 223 0016 8268     		ldr	r2, [r0, #8]
 224              		.loc 1 412 35 discriminator 1 view .LVU56
 225 0018 A242     		cmp	r2, r4
 226 001a 08DB     		blt	.L24
 413:Core/Src/app_param_dict.c ****   {
 414:Core/Src/app_param_dict.c ****     return false;
 415:Core/Src/app_param_dict.c ****   }
 416:Core/Src/app_param_dict.c **** 
 417:Core/Src/app_param_dict.c ****   param->value = newVal;
 227              		.loc 1 417 3 is_stmt 1 view .LVU57
 228              		.loc 1 417 16 is_stmt 0 view .LVU58
 229 001c 0461     		str	r4, [r0, #16]
 418:Core/Src/app_param_dict.c ****   return true;
 230              		.loc 1 418 3 is_stmt 1 view .LVU59
 231              		.loc 1 418 10 is_stmt 0 view .LVU60
 232 001e 0120     		movs	r0, #1
 233              	.LVL18:
 234              		.loc 1 418 10 view .LVU61
 235 0020 02E0     		b	.L20
 236              	.LVL19:
 237              	.L21:
 402:Core/Src/app_param_dict.c ****   }
 238              		.loc 1 402 12 view .LVU62
 239 0022 0020     		movs	r0, #0
 240              	.LVL20:
 402:Core/Src/app_param_dict.c ****   }
 241              		.loc 1 402 12 view .LVU63
 242 0024 00E0     		b	.L20
 243              	.LVL21:
 244              	.L22:
 408:Core/Src/app_param_dict.c ****   }
 245              		.loc 1 408 12 view .LVU64
 246 0026 0020     		movs	r0, #0
 247              	.LVL22:
 248              	.L20:
 419:Core/Src/app_param_dict.c **** }
 249              		.loc 1 419 1 view .LVU65
 250 0028 10BD     		pop	{r4, pc}
 251              	.LVL23:
 252              	.L23:
 414:Core/Src/app_param_dict.c ****   }
 253              		.loc 1 414 12 view .LVU66
 254 002a 0020     		movs	r0, #0
 255              	.LVL24:
 414:Core/Src/app_param_dict.c ****   }
 256              		.loc 1 414 12 view .LVU67
 257 002c FCE7     		b	.L20
 258              	.LVL25:
 259              	.L24:
 414:Core/Src/app_param_dict.c ****   }
ARM GAS  /tmp/ccZpiQRu.s 			page 13


 260              		.loc 1 414 12 view .LVU68
 261 002e 0020     		movs	r0, #0
 262              	.LVL26:
 414:Core/Src/app_param_dict.c ****   }
 263              		.loc 1 414 12 view .LVU69
 264 0030 FAE7     		b	.L20
 265              		.cfi_endproc
 266              	.LFE3:
 268              		.section	.text.APP_ParamDict_SetValueUnsafe,"ax",%progbits
 269              		.align	1
 270              		.global	APP_ParamDict_SetValueUnsafe
 271              		.syntax unified
 272              		.thumb
 273              		.thumb_func
 274              		.fpu softvfp
 276              	APP_ParamDict_SetValueUnsafe:
 277              	.LVL27:
 278              	.LFB4:
 420:Core/Src/app_param_dict.c **** 
 421:Core/Src/app_param_dict.c **** bool APP_ParamDict_SetValueUnsafe(ParamId_t id, int32_t newVal)
 422:Core/Src/app_param_dict.c **** {
 279              		.loc 1 422 1 is_stmt 1 view -0
 280              		.cfi_startproc
 281              		@ args = 0, pretend = 0, frame = 0
 282              		@ frame_needed = 0, uses_anonymous_args = 0
 283              		.loc 1 422 1 is_stmt 0 view .LVU71
 284 0000 10B5     		push	{r4, lr}
 285              	.LCFI2:
 286              		.cfi_def_cfa_offset 8
 287              		.cfi_offset 4, -8
 288              		.cfi_offset 14, -4
 289 0002 0C46     		mov	r4, r1
 423:Core/Src/app_param_dict.c ****   ParamDef_t *param = APP_ParamDict_FindById(id);
 290              		.loc 1 423 3 is_stmt 1 view .LVU72
 291              		.loc 1 423 23 is_stmt 0 view .LVU73
 292 0004 FFF7FEFF 		bl	APP_ParamDict_FindById
 293              	.LVL28:
 424:Core/Src/app_param_dict.c ****   if (param == NULL)
 294              		.loc 1 424 3 is_stmt 1 view .LVU74
 295              		.loc 1 424 6 is_stmt 0 view .LVU75
 296 0008 40B1     		cbz	r0, .L28
 425:Core/Src/app_param_dict.c ****   {
 426:Core/Src/app_param_dict.c ****     return false;
 427:Core/Src/app_param_dict.c ****   }
 428:Core/Src/app_param_dict.c **** 
 429:Core/Src/app_param_dict.c ****   if ((newVal < param->min_value) || (newVal > param->max_value))
 297              		.loc 1 429 3 is_stmt 1 view .LVU76
 298              		.loc 1 429 22 is_stmt 0 view .LVU77
 299 000a 4268     		ldr	r2, [r0, #4]
 300              		.loc 1 429 6 view .LVU78
 301 000c A242     		cmp	r2, r4
 302 000e 07DC     		bgt	.L29
 303              		.loc 1 429 53 discriminator 1 view .LVU79
 304 0010 8268     		ldr	r2, [r0, #8]
 305              		.loc 1 429 35 discriminator 1 view .LVU80
 306 0012 A242     		cmp	r2, r4
 307 0014 06DB     		blt	.L30
ARM GAS  /tmp/ccZpiQRu.s 			page 14


 430:Core/Src/app_param_dict.c ****   {
 431:Core/Src/app_param_dict.c ****     return false;
 432:Core/Src/app_param_dict.c ****   }
 433:Core/Src/app_param_dict.c **** 
 434:Core/Src/app_param_dict.c ****   param->value = newVal;
 308              		.loc 1 434 3 is_stmt 1 view .LVU81
 309              		.loc 1 434 16 is_stmt 0 view .LVU82
 310 0016 0461     		str	r4, [r0, #16]
 435:Core/Src/app_param_dict.c ****   return true;
 311              		.loc 1 435 3 is_stmt 1 view .LVU83
 312              		.loc 1 435 10 is_stmt 0 view .LVU84
 313 0018 0120     		movs	r0, #1
 314              	.LVL29:
 315              	.L27:
 436:Core/Src/app_param_dict.c **** }
 316              		.loc 1 436 1 view .LVU85
 317 001a 10BD     		pop	{r4, pc}
 318              	.LVL30:
 319              	.L28:
 426:Core/Src/app_param_dict.c ****   }
 320              		.loc 1 426 12 view .LVU86
 321 001c 0020     		movs	r0, #0
 322              	.LVL31:
 426:Core/Src/app_param_dict.c ****   }
 323              		.loc 1 426 12 view .LVU87
 324 001e FCE7     		b	.L27
 325              	.LVL32:
 326              	.L29:
 431:Core/Src/app_param_dict.c ****   }
 327              		.loc 1 431 12 view .LVU88
 328 0020 0020     		movs	r0, #0
 329              	.LVL33:
 431:Core/Src/app_param_dict.c ****   }
 330              		.loc 1 431 12 view .LVU89
 331 0022 FAE7     		b	.L27
 332              	.LVL34:
 333              	.L30:
 431:Core/Src/app_param_dict.c ****   }
 334              		.loc 1 431 12 view .LVU90
 335 0024 0020     		movs	r0, #0
 336              	.LVL35:
 431:Core/Src/app_param_dict.c ****   }
 337              		.loc 1 431 12 view .LVU91
 338 0026 F8E7     		b	.L27
 339              		.cfi_endproc
 340              	.LFE4:
 342              		.section	.data.s_paramDict,"aw"
 343              		.align	2
 344              		.set	.LANCHOR0,. + 0
 347              	s_paramDict:
 348 0000 0100     		.short	1
 349 0002 00       		.byte	0
 350 0003 01       		.byte	1
 351 0004 00000000 		.word	0
 352 0008 03000000 		.word	3
 353 000c 00       		.byte	0
 354 000d 000000   		.space	3
ARM GAS  /tmp/ccZpiQRu.s 			page 15


 355 0010 00000000 		.word	0
 356 0014 0200     		.short	2
 357 0016 05       		.byte	5
 358 0017 01       		.byte	1
 359 0018 00000000 		.word	0
 360 001c FFFFFFFF 		.word	-1
 361 0020 00       		.byte	0
 362 0021 000000   		.space	3
 363 0024 0102A8C0 		.word	-1062731263
 364 0028 0300     		.short	3
 365 002a 05       		.byte	5
 366 002b 01       		.byte	1
 367 002c B0040000 		.word	1200
 368 0030 00100E00 		.word	921600
 369 0034 00       		.byte	0
 370 0035 000000   		.space	3
 371 0038 00C20100 		.word	115200
 372 003c 0400     		.short	4
 373 003e 03       		.byte	3
 374 003f 00       		.byte	0
 375 0040 70FEFFFF 		.word	-400
 376 0044 52030000 		.word	850
 377 0048 01       		.byte	1
 378 0049 000000   		.space	3
 379 004c FA000000 		.word	250
 380 0050 0A00     		.short	10
 381 0052 00       		.byte	0
 382 0053 01       		.byte	1
 383 0054 00000000 		.word	0
 384 0058 03000000 		.word	3
 385 005c 00       		.byte	0
 386 005d 000000   		.space	3
 387 0060 00000000 		.word	0
 388 0064 1400     		.short	20
 389 0066 04       		.byte	4
 390 0067 00       		.byte	0
 391 0068 00000080 		.word	-2147483648
 392 006c FFFFFF7F 		.word	2147483647
 393 0070 00       		.byte	0
 394 0071 000000   		.space	3
 395 0074 00000000 		.word	0
 396 0078 1500     		.short	21
 397 007a 04       		.byte	4
 398 007b 00       		.byte	0
 399 007c 00000080 		.word	-2147483648
 400 0080 FFFFFF7F 		.word	2147483647
 401 0084 00       		.byte	0
 402 0085 000000   		.space	3
 403 0088 00000000 		.word	0
 404 008c 1600     		.short	22
 405 008e 03       		.byte	3
 406 008f 00       		.byte	0
 407 0090 0080FFFF 		.word	-32768
 408 0094 FF7F0000 		.word	32767
 409 0098 00       		.byte	0
 410 0099 000000   		.space	3
 411 009c 00000000 		.word	0
ARM GAS  /tmp/ccZpiQRu.s 			page 16


 412 00a0 1700     		.short	23
 413 00a2 00       		.byte	0
 414 00a3 00       		.byte	0
 415 00a4 00000000 		.word	0
 416 00a8 01000000 		.word	1
 417 00ac 00       		.byte	0
 418 00ad 000000   		.space	3
 419 00b0 00000000 		.word	0
 420 00b4 1E00     		.short	30
 421 00b6 05       		.byte	5
 422 00b7 00       		.byte	0
 423 00b8 00000000 		.word	0
 424 00bc FFFFFF7F 		.word	2147483647
 425 00c0 00       		.byte	0
 426 00c1 000000   		.space	3
 427 00c4 00000000 		.word	0
 428 00c8 1F00     		.short	31
 429 00ca 05       		.byte	5
 430 00cb 00       		.byte	0
 431 00cc 00000000 		.word	0
 432 00d0 FFFFFF7F 		.word	2147483647
 433 00d4 00       		.byte	0
 434 00d5 000000   		.space	3
 435 00d8 00000000 		.word	0
 436 00dc 2000     		.short	32
 437 00de 05       		.byte	5
 438 00df 00       		.byte	0
 439 00e0 00000000 		.word	0
 440 00e4 FFFFFF7F 		.word	2147483647
 441 00e8 00       		.byte	0
 442 00e9 000000   		.space	3
 443 00ec 00000000 		.word	0
 444 00f0 2100     		.short	33
 445 00f2 05       		.byte	5
 446 00f3 00       		.byte	0
 447 00f4 00000000 		.word	0
 448 00f8 FFFFFF7F 		.word	2147483647
 449 00fc 00       		.byte	0
 450 00fd 000000   		.space	3
 451 0100 00000000 		.word	0
 452 0104 2800     		.short	40
 453 0106 00       		.byte	0
 454 0107 00       		.byte	0
 455 0108 00000000 		.word	0
 456 010c 64000000 		.word	100
 457 0110 00       		.byte	0
 458 0111 000000   		.space	3
 459 0114 00000000 		.word	0
 460 0118 2900     		.short	41
 461 011a 00       		.byte	0
 462 011b 00       		.byte	0
 463 011c 00000000 		.word	0
 464 0120 FF000000 		.word	255
 465 0124 00       		.byte	0
 466 0125 000000   		.space	3
 467 0128 00000000 		.word	0
 468 012c 3C00     		.short	60
ARM GAS  /tmp/ccZpiQRu.s 			page 17


 469 012e 00       		.byte	0
 470 012f 00       		.byte	0
 471 0130 00000000 		.word	0
 472 0134 17000000 		.word	23
 473 0138 00       		.byte	0
 474 0139 000000   		.space	3
 475 013c 00000000 		.word	0
 476 0140 3D00     		.short	61
 477 0142 00       		.byte	0
 478 0143 00       		.byte	0
 479 0144 00000000 		.word	0
 480 0148 3B000000 		.word	59
 481 014c 00       		.byte	0
 482 014d 000000   		.space	3
 483 0150 00000000 		.word	0
 484 0154 3E00     		.short	62
 485 0156 00       		.byte	0
 486 0157 00       		.byte	0
 487 0158 00000000 		.word	0
 488 015c 3B000000 		.word	59
 489 0160 00       		.byte	0
 490 0161 000000   		.space	3
 491 0164 00000000 		.word	0
 492 0168 3F00     		.short	63
 493 016a 00       		.byte	0
 494 016b 00       		.byte	0
 495 016c 00000000 		.word	0
 496 0170 01000000 		.word	1
 497 0174 00       		.byte	0
 498 0175 000000   		.space	3
 499 0178 00000000 		.word	0
 500 017c 4000     		.short	64
 501 017e 00       		.byte	0
 502 017f 01       		.byte	1
 503 0180 00000000 		.word	0
 504 0184 07000000 		.word	7
 505 0188 00       		.byte	0
 506 0189 000000   		.space	3
 507 018c 00000000 		.word	0
 508 0190 4100     		.short	65
 509 0192 00       		.byte	0
 510 0193 01       		.byte	1
 511 0194 00000000 		.word	0
 512 0198 04000000 		.word	4
 513 019c 00       		.byte	0
 514 019d 000000   		.space	3
 515 01a0 00000000 		.word	0
 516 01a4 4200     		.short	66
 517 01a6 00       		.byte	0
 518 01a7 01       		.byte	1
 519 01a8 00000000 		.word	0
 520 01ac 01000000 		.word	1
 521 01b0 00       		.byte	0
 522 01b1 000000   		.space	3
 523 01b4 00000000 		.word	0
 524 01b8 4300     		.short	67
 525 01ba 05       		.byte	5
ARM GAS  /tmp/ccZpiQRu.s 			page 18


 526 01bb 01       		.byte	1
 527 01bc E86E0300 		.word	225000
 528 01c0 A0252600 		.word	2500000
 529 01c4 03       		.byte	3
 530 01c5 000000   		.space	3
 531 01c8 E86E0300 		.word	225000
 532 01cc 4400     		.short	68
 533 01ce 05       		.byte	5
 534 01cf 01       		.byte	1
 535 01d0 E86E0300 		.word	225000
 536 01d4 A0252600 		.word	2500000
 537 01d8 03       		.byte	3
 538 01d9 000000   		.space	3
 539 01dc E86E0300 		.word	225000
 540 01e0 4500     		.short	69
 541 01e2 05       		.byte	5
 542 01e3 01       		.byte	1
 543 01e4 E86E0300 		.word	225000
 544 01e8 A0252600 		.word	2500000
 545 01ec 03       		.byte	3
 546 01ed 000000   		.space	3
 547 01f0 E86E0300 		.word	225000
 548 01f4 4600     		.short	70
 549 01f6 05       		.byte	5
 550 01f7 01       		.byte	1
 551 01f8 E86E0300 		.word	225000
 552 01fc A0252600 		.word	2500000
 553 0200 03       		.byte	3
 554 0201 000000   		.space	3
 555 0204 E86E0300 		.word	225000
 556 0208 4700     		.short	71
 557 020a 05       		.byte	5
 558 020b 01       		.byte	1
 559 020c E86E0300 		.word	225000
 560 0210 A0252600 		.word	2500000
 561 0214 03       		.byte	3
 562 0215 000000   		.space	3
 563 0218 E86E0300 		.word	225000
 564 021c 4800     		.short	72
 565 021e 00       		.byte	0
 566 021f 00       		.byte	0
 567 0220 00000000 		.word	0
 568 0224 01000000 		.word	1
 569 0228 00       		.byte	0
 570 0229 000000   		.space	3
 571 022c 00000000 		.word	0
 572 0230 4900     		.short	73
 573 0232 00       		.byte	0
 574 0233 01       		.byte	1
 575 0234 00000000 		.word	0
 576 0238 01000000 		.word	1
 577 023c 00       		.byte	0
 578 023d 000000   		.space	3
 579 0240 00000000 		.word	0
 580 0244 4A00     		.short	74
 581 0246 00       		.byte	0
 582 0247 01       		.byte	1
ARM GAS  /tmp/ccZpiQRu.s 			page 19


 583 0248 00000000 		.word	0
 584 024c 02000000 		.word	2
 585 0250 00       		.byte	0
 586 0251 000000   		.space	3
 587 0254 00000000 		.word	0
 588 0258 4B00     		.short	75
 589 025a 00       		.byte	0
 590 025b 01       		.byte	1
 591 025c 00000000 		.word	0
 592 0260 5A000000 		.word	90
 593 0264 00       		.byte	0
 594 0265 000000   		.space	3
 595 0268 00000000 		.word	0
 596 026c 5000     		.short	80
 597 026e 00       		.byte	0
 598 026f 00       		.byte	0
 599 0270 00000000 		.word	0
 600 0274 FF000000 		.word	255
 601 0278 00       		.byte	0
 602 0279 000000   		.space	3
 603 027c 00000000 		.word	0
 604 0280 5100     		.short	81
 605 0282 03       		.byte	3
 606 0283 00       		.byte	0
 607 0284 81FFFFFF 		.word	-127
 608 0288 7F000000 		.word	127
 609 028c 00       		.byte	0
 610 028d 000000   		.space	3
 611 0290 00000000 		.word	0
 612 0294 5A00     		.short	90
 613 0296 00       		.byte	0
 614 0297 00       		.byte	0
 615 0298 00000000 		.word	0
 616 029c 03000000 		.word	3
 617 02a0 00       		.byte	0
 618 02a1 000000   		.space	3
 619 02a4 00000000 		.word	0
 620 02a8 5B00     		.short	91
 621 02aa 00       		.byte	0
 622 02ab 00       		.byte	0
 623 02ac 00000000 		.word	0
 624 02b0 FF000000 		.word	255
 625 02b4 00       		.byte	0
 626 02b5 000000   		.space	3
 627 02b8 00000000 		.word	0
 628              		.text
 629              	.Letext0:
 630              		.file 2 "/usr/lib/gcc/arm-none-eabi/10.3.1/include/stdint.h"
 631              		.file 3 "Core/Inc/app_param_dict.h"
ARM GAS  /tmp/ccZpiQRu.s 			page 20


DEFINED SYMBOLS
                            *ABS*:0000000000000000 app_param_dict.c
     /tmp/ccZpiQRu.s:16     .text.APP_ParamDict_GetTable:0000000000000000 $t
     /tmp/ccZpiQRu.s:24     .text.APP_ParamDict_GetTable:0000000000000000 APP_ParamDict_GetTable
     /tmp/ccZpiQRu.s:50     .text.APP_ParamDict_GetTable:000000000000000c $d
     /tmp/ccZpiQRu.s:55     .text.APP_ParamDict_FindById:0000000000000000 $t
     /tmp/ccZpiQRu.s:62     .text.APP_ParamDict_FindById:0000000000000000 APP_ParamDict_FindById
     /tmp/ccZpiQRu.s:117    .text.APP_ParamDict_FindById:0000000000000028 $d
     /tmp/ccZpiQRu.s:122    .text.APP_ParamDict_GetValue:0000000000000000 $t
     /tmp/ccZpiQRu.s:129    .text.APP_ParamDict_GetValue:0000000000000000 APP_ParamDict_GetValue
     /tmp/ccZpiQRu.s:182    .text.APP_ParamDict_TrySetValue:0000000000000000 $t
     /tmp/ccZpiQRu.s:189    .text.APP_ParamDict_TrySetValue:0000000000000000 APP_ParamDict_TrySetValue
     /tmp/ccZpiQRu.s:269    .text.APP_ParamDict_SetValueUnsafe:0000000000000000 $t
     /tmp/ccZpiQRu.s:276    .text.APP_ParamDict_SetValueUnsafe:0000000000000000 APP_ParamDict_SetValueUnsafe
     /tmp/ccZpiQRu.s:343    .data.s_paramDict:0000000000000000 $d
     /tmp/ccZpiQRu.s:347    .data.s_paramDict:0000000000000000 s_paramDict

NO UNDEFINED SYMBOLS
