ARM GAS  /tmp/ccyFnh1P.s 			page 1


   1              		.cpu cortex-m3
   2              		.eabi_attribute 20, 1
   3              		.eabi_attribute 21, 1
   4              		.eabi_attribute 23, 3
   5              		.eabi_attribute 24, 1
   6              		.eabi_attribute 25, 1
   7              		.eabi_attribute 26, 1
   8              		.eabi_attribute 30, 1
   9              		.eabi_attribute 34, 1
  10              		.eabi_attribute 18, 4
  11              		.file	"stm32f1xx_it.c"
  12              		.text
  13              	.Ltext0:
  14              		.cfi_sections	.debug_frame
  15              		.section	.text.NMI_Handler,"ax",%progbits
  16              		.align	1
  17              		.global	NMI_Handler
  18              		.arch armv7-m
  19              		.syntax unified
  20              		.thumb
  21              		.thumb_func
  22              		.fpu softvfp
  24              	NMI_Handler:
  25              	.LFB65:
  26              		.file 1 "Core/Src/stm32f1xx_it.c"
   1:Core/Src/stm32f1xx_it.c **** /* USER CODE BEGIN Header */
   2:Core/Src/stm32f1xx_it.c **** /**
   3:Core/Src/stm32f1xx_it.c ****   ******************************************************************************
   4:Core/Src/stm32f1xx_it.c ****   * @file    stm32f1xx_it.c
   5:Core/Src/stm32f1xx_it.c ****   * @brief   Interrupt Service Routines.
   6:Core/Src/stm32f1xx_it.c ****   ******************************************************************************
   7:Core/Src/stm32f1xx_it.c ****   * @attention
   8:Core/Src/stm32f1xx_it.c ****   *
   9:Core/Src/stm32f1xx_it.c ****   * Copyright (c) 2026 STMicroelectronics.
  10:Core/Src/stm32f1xx_it.c ****   * All rights reserved.
  11:Core/Src/stm32f1xx_it.c ****   *
  12:Core/Src/stm32f1xx_it.c ****   * This software is licensed under terms that can be found in the LICENSE file
  13:Core/Src/stm32f1xx_it.c ****   * in the root directory of this software component.
  14:Core/Src/stm32f1xx_it.c ****   * If no LICENSE file comes with this software, it is provided AS-IS.
  15:Core/Src/stm32f1xx_it.c ****   *
  16:Core/Src/stm32f1xx_it.c ****   ******************************************************************************
  17:Core/Src/stm32f1xx_it.c ****   */
  18:Core/Src/stm32f1xx_it.c **** /* USER CODE END Header */
  19:Core/Src/stm32f1xx_it.c **** 
  20:Core/Src/stm32f1xx_it.c **** /* Includes ------------------------------------------------------------------*/
  21:Core/Src/stm32f1xx_it.c **** #include "main.h"
  22:Core/Src/stm32f1xx_it.c **** #include "stm32f1xx_it.h"
  23:Core/Src/stm32f1xx_it.c **** #include "usart.h"
  24:Core/Src/stm32f1xx_it.c **** /* Private includes ----------------------------------------------------------*/
  25:Core/Src/stm32f1xx_it.c **** /* USER CODE BEGIN Includes */
  26:Core/Src/stm32f1xx_it.c **** /* USER CODE END Includes */
  27:Core/Src/stm32f1xx_it.c **** 
  28:Core/Src/stm32f1xx_it.c **** /* Private typedef -----------------------------------------------------------*/
  29:Core/Src/stm32f1xx_it.c **** /* USER CODE BEGIN TD */
  30:Core/Src/stm32f1xx_it.c **** 
  31:Core/Src/stm32f1xx_it.c **** /* USER CODE END TD */
  32:Core/Src/stm32f1xx_it.c **** 
ARM GAS  /tmp/ccyFnh1P.s 			page 2


  33:Core/Src/stm32f1xx_it.c **** /* Private define ------------------------------------------------------------*/
  34:Core/Src/stm32f1xx_it.c **** /* USER CODE BEGIN PD */
  35:Core/Src/stm32f1xx_it.c **** 
  36:Core/Src/stm32f1xx_it.c **** /* USER CODE END PD */
  37:Core/Src/stm32f1xx_it.c **** 
  38:Core/Src/stm32f1xx_it.c **** /* Private macro -------------------------------------------------------------*/
  39:Core/Src/stm32f1xx_it.c **** /* USER CODE BEGIN PM */
  40:Core/Src/stm32f1xx_it.c **** 
  41:Core/Src/stm32f1xx_it.c **** /* USER CODE END PM */
  42:Core/Src/stm32f1xx_it.c **** 
  43:Core/Src/stm32f1xx_it.c **** /* Private variables ---------------------------------------------------------*/
  44:Core/Src/stm32f1xx_it.c **** /* USER CODE BEGIN PV */
  45:Core/Src/stm32f1xx_it.c **** 
  46:Core/Src/stm32f1xx_it.c **** /* USER CODE END PV */
  47:Core/Src/stm32f1xx_it.c **** 
  48:Core/Src/stm32f1xx_it.c **** /* Private function prototypes -----------------------------------------------*/
  49:Core/Src/stm32f1xx_it.c **** /* USER CODE BEGIN PFP */
  50:Core/Src/stm32f1xx_it.c **** 
  51:Core/Src/stm32f1xx_it.c **** /* USER CODE END PFP */
  52:Core/Src/stm32f1xx_it.c **** 
  53:Core/Src/stm32f1xx_it.c **** /* Private user code ---------------------------------------------------------*/
  54:Core/Src/stm32f1xx_it.c **** /* USER CODE BEGIN 0 */
  55:Core/Src/stm32f1xx_it.c **** 
  56:Core/Src/stm32f1xx_it.c **** /* USER CODE END 0 */
  57:Core/Src/stm32f1xx_it.c **** 
  58:Core/Src/stm32f1xx_it.c **** /* External variables --------------------------------------------------------*/
  59:Core/Src/stm32f1xx_it.c **** extern DMA_HandleTypeDef hdma_usart1_rx;
  60:Core/Src/stm32f1xx_it.c **** extern UART_HandleTypeDef huart1;
  61:Core/Src/stm32f1xx_it.c **** extern TIM_HandleTypeDef htim4;
  62:Core/Src/stm32f1xx_it.c **** 
  63:Core/Src/stm32f1xx_it.c **** /* USER CODE BEGIN EV */
  64:Core/Src/stm32f1xx_it.c **** 
  65:Core/Src/stm32f1xx_it.c **** /* USER CODE END EV */
  66:Core/Src/stm32f1xx_it.c **** 
  67:Core/Src/stm32f1xx_it.c **** /******************************************************************************/
  68:Core/Src/stm32f1xx_it.c **** /*           Cortex-M3 Processor Interruption and Exception Handlers          */
  69:Core/Src/stm32f1xx_it.c **** /******************************************************************************/
  70:Core/Src/stm32f1xx_it.c **** /**
  71:Core/Src/stm32f1xx_it.c ****   * @brief This function handles Non maskable interrupt.
  72:Core/Src/stm32f1xx_it.c ****   */
  73:Core/Src/stm32f1xx_it.c **** void NMI_Handler(void)
  74:Core/Src/stm32f1xx_it.c **** {
  27              		.loc 1 74 1 view -0
  28              		.cfi_startproc
  29              		@ Volatile: function does not return.
  30              		@ args = 0, pretend = 0, frame = 0
  31              		@ frame_needed = 0, uses_anonymous_args = 0
  32              		@ link register save eliminated.
  33              	.L2:
  75:Core/Src/stm32f1xx_it.c ****   /* USER CODE BEGIN NonMaskableInt_IRQn 0 */
  76:Core/Src/stm32f1xx_it.c **** 
  77:Core/Src/stm32f1xx_it.c ****   /* USER CODE END NonMaskableInt_IRQn 0 */
  78:Core/Src/stm32f1xx_it.c ****   /* USER CODE BEGIN NonMaskableInt_IRQn 1 */
  79:Core/Src/stm32f1xx_it.c ****    while (1)
  34              		.loc 1 79 4 discriminator 1 view .LVU1
  80:Core/Src/stm32f1xx_it.c ****   {
  81:Core/Src/stm32f1xx_it.c ****   }
ARM GAS  /tmp/ccyFnh1P.s 			page 3


  35              		.loc 1 81 3 discriminator 1 view .LVU2
  79:Core/Src/stm32f1xx_it.c ****   {
  36              		.loc 1 79 10 discriminator 1 view .LVU3
  37 0000 FEE7     		b	.L2
  38              		.cfi_endproc
  39              	.LFE65:
  41              		.section	.text.HardFault_Handler,"ax",%progbits
  42              		.align	1
  43              		.global	HardFault_Handler
  44              		.syntax unified
  45              		.thumb
  46              		.thumb_func
  47              		.fpu softvfp
  49              	HardFault_Handler:
  50              	.LFB66:
  82:Core/Src/stm32f1xx_it.c ****   /* USER CODE END NonMaskableInt_IRQn 1 */
  83:Core/Src/stm32f1xx_it.c **** }
  84:Core/Src/stm32f1xx_it.c **** 
  85:Core/Src/stm32f1xx_it.c **** /**
  86:Core/Src/stm32f1xx_it.c ****   * @brief This function handles Hard fault interrupt.
  87:Core/Src/stm32f1xx_it.c ****   */
  88:Core/Src/stm32f1xx_it.c **** void HardFault_Handler(void)
  89:Core/Src/stm32f1xx_it.c **** {
  51              		.loc 1 89 1 view -0
  52              		.cfi_startproc
  53              		@ Volatile: function does not return.
  54              		@ args = 0, pretend = 0, frame = 0
  55              		@ frame_needed = 0, uses_anonymous_args = 0
  56              		@ link register save eliminated.
  57              	.L4:
  90:Core/Src/stm32f1xx_it.c ****   /* USER CODE BEGIN HardFault_IRQn 0 */
  91:Core/Src/stm32f1xx_it.c **** 
  92:Core/Src/stm32f1xx_it.c ****   /* USER CODE END HardFault_IRQn 0 */
  93:Core/Src/stm32f1xx_it.c ****   while (1)
  58              		.loc 1 93 3 discriminator 1 view .LVU5
  94:Core/Src/stm32f1xx_it.c ****   {
  95:Core/Src/stm32f1xx_it.c ****     /* USER CODE BEGIN W1_HardFault_IRQn 0 */
  96:Core/Src/stm32f1xx_it.c ****     /* USER CODE END W1_HardFault_IRQn 0 */
  97:Core/Src/stm32f1xx_it.c ****   }
  59              		.loc 1 97 3 discriminator 1 view .LVU6
  93:Core/Src/stm32f1xx_it.c ****   {
  60              		.loc 1 93 9 discriminator 1 view .LVU7
  61 0000 FEE7     		b	.L4
  62              		.cfi_endproc
  63              	.LFE66:
  65              		.section	.text.MemManage_Handler,"ax",%progbits
  66              		.align	1
  67              		.global	MemManage_Handler
  68              		.syntax unified
  69              		.thumb
  70              		.thumb_func
  71              		.fpu softvfp
  73              	MemManage_Handler:
  74              	.LFB67:
  98:Core/Src/stm32f1xx_it.c **** }
  99:Core/Src/stm32f1xx_it.c **** 
 100:Core/Src/stm32f1xx_it.c **** /**
ARM GAS  /tmp/ccyFnh1P.s 			page 4


 101:Core/Src/stm32f1xx_it.c ****   * @brief This function handles Memory management fault.
 102:Core/Src/stm32f1xx_it.c ****   */
 103:Core/Src/stm32f1xx_it.c **** void MemManage_Handler(void)
 104:Core/Src/stm32f1xx_it.c **** {
  75              		.loc 1 104 1 view -0
  76              		.cfi_startproc
  77              		@ Volatile: function does not return.
  78              		@ args = 0, pretend = 0, frame = 0
  79              		@ frame_needed = 0, uses_anonymous_args = 0
  80              		@ link register save eliminated.
  81              	.L6:
 105:Core/Src/stm32f1xx_it.c ****   /* USER CODE BEGIN MemoryManagement_IRQn 0 */
 106:Core/Src/stm32f1xx_it.c **** 
 107:Core/Src/stm32f1xx_it.c ****   /* USER CODE END MemoryManagement_IRQn 0 */
 108:Core/Src/stm32f1xx_it.c ****   while (1)
  82              		.loc 1 108 3 discriminator 1 view .LVU9
 109:Core/Src/stm32f1xx_it.c ****   {
 110:Core/Src/stm32f1xx_it.c ****     /* USER CODE BEGIN W1_MemoryManagement_IRQn 0 */
 111:Core/Src/stm32f1xx_it.c ****     /* USER CODE END W1_MemoryManagement_IRQn 0 */
 112:Core/Src/stm32f1xx_it.c ****   }
  83              		.loc 1 112 3 discriminator 1 view .LVU10
 108:Core/Src/stm32f1xx_it.c ****   {
  84              		.loc 1 108 9 discriminator 1 view .LVU11
  85 0000 FEE7     		b	.L6
  86              		.cfi_endproc
  87              	.LFE67:
  89              		.section	.text.BusFault_Handler,"ax",%progbits
  90              		.align	1
  91              		.global	BusFault_Handler
  92              		.syntax unified
  93              		.thumb
  94              		.thumb_func
  95              		.fpu softvfp
  97              	BusFault_Handler:
  98              	.LFB68:
 113:Core/Src/stm32f1xx_it.c **** }
 114:Core/Src/stm32f1xx_it.c **** 
 115:Core/Src/stm32f1xx_it.c **** /**
 116:Core/Src/stm32f1xx_it.c ****   * @brief This function handles Prefetch fault, memory access fault.
 117:Core/Src/stm32f1xx_it.c ****   */
 118:Core/Src/stm32f1xx_it.c **** void BusFault_Handler(void)
 119:Core/Src/stm32f1xx_it.c **** {
  99              		.loc 1 119 1 view -0
 100              		.cfi_startproc
 101              		@ Volatile: function does not return.
 102              		@ args = 0, pretend = 0, frame = 0
 103              		@ frame_needed = 0, uses_anonymous_args = 0
 104              		@ link register save eliminated.
 105              	.L8:
 120:Core/Src/stm32f1xx_it.c ****   /* USER CODE BEGIN BusFault_IRQn 0 */
 121:Core/Src/stm32f1xx_it.c **** 
 122:Core/Src/stm32f1xx_it.c ****   /* USER CODE END BusFault_IRQn 0 */
 123:Core/Src/stm32f1xx_it.c ****   while (1)
 106              		.loc 1 123 3 discriminator 1 view .LVU13
 124:Core/Src/stm32f1xx_it.c ****   {
 125:Core/Src/stm32f1xx_it.c ****     /* USER CODE BEGIN W1_BusFault_IRQn 0 */
 126:Core/Src/stm32f1xx_it.c ****     /* USER CODE END W1_BusFault_IRQn 0 */
ARM GAS  /tmp/ccyFnh1P.s 			page 5


 127:Core/Src/stm32f1xx_it.c ****   }
 107              		.loc 1 127 3 discriminator 1 view .LVU14
 123:Core/Src/stm32f1xx_it.c ****   {
 108              		.loc 1 123 9 discriminator 1 view .LVU15
 109 0000 FEE7     		b	.L8
 110              		.cfi_endproc
 111              	.LFE68:
 113              		.section	.text.UsageFault_Handler,"ax",%progbits
 114              		.align	1
 115              		.global	UsageFault_Handler
 116              		.syntax unified
 117              		.thumb
 118              		.thumb_func
 119              		.fpu softvfp
 121              	UsageFault_Handler:
 122              	.LFB69:
 128:Core/Src/stm32f1xx_it.c **** }
 129:Core/Src/stm32f1xx_it.c **** 
 130:Core/Src/stm32f1xx_it.c **** /**
 131:Core/Src/stm32f1xx_it.c ****   * @brief This function handles Undefined instruction or illegal state.
 132:Core/Src/stm32f1xx_it.c ****   */
 133:Core/Src/stm32f1xx_it.c **** void UsageFault_Handler(void)
 134:Core/Src/stm32f1xx_it.c **** {
 123              		.loc 1 134 1 view -0
 124              		.cfi_startproc
 125              		@ Volatile: function does not return.
 126              		@ args = 0, pretend = 0, frame = 0
 127              		@ frame_needed = 0, uses_anonymous_args = 0
 128              		@ link register save eliminated.
 129              	.L10:
 135:Core/Src/stm32f1xx_it.c ****   /* USER CODE BEGIN UsageFault_IRQn 0 */
 136:Core/Src/stm32f1xx_it.c **** 
 137:Core/Src/stm32f1xx_it.c ****   /* USER CODE END UsageFault_IRQn 0 */
 138:Core/Src/stm32f1xx_it.c ****   while (1)
 130              		.loc 1 138 3 discriminator 1 view .LVU17
 139:Core/Src/stm32f1xx_it.c ****   {
 140:Core/Src/stm32f1xx_it.c ****     /* USER CODE BEGIN W1_UsageFault_IRQn 0 */
 141:Core/Src/stm32f1xx_it.c ****     /* USER CODE END W1_UsageFault_IRQn 0 */
 142:Core/Src/stm32f1xx_it.c ****   }
 131              		.loc 1 142 3 discriminator 1 view .LVU18
 138:Core/Src/stm32f1xx_it.c ****   {
 132              		.loc 1 138 9 discriminator 1 view .LVU19
 133 0000 FEE7     		b	.L10
 134              		.cfi_endproc
 135              	.LFE69:
 137              		.section	.text.DebugMon_Handler,"ax",%progbits
 138              		.align	1
 139              		.global	DebugMon_Handler
 140              		.syntax unified
 141              		.thumb
 142              		.thumb_func
 143              		.fpu softvfp
 145              	DebugMon_Handler:
 146              	.LFB70:
 143:Core/Src/stm32f1xx_it.c **** }
 144:Core/Src/stm32f1xx_it.c **** 
 145:Core/Src/stm32f1xx_it.c **** /**
ARM GAS  /tmp/ccyFnh1P.s 			page 6


 146:Core/Src/stm32f1xx_it.c ****   * @brief This function handles Debug monitor.
 147:Core/Src/stm32f1xx_it.c ****   */
 148:Core/Src/stm32f1xx_it.c **** void DebugMon_Handler(void)
 149:Core/Src/stm32f1xx_it.c **** {
 147              		.loc 1 149 1 view -0
 148              		.cfi_startproc
 149              		@ args = 0, pretend = 0, frame = 0
 150              		@ frame_needed = 0, uses_anonymous_args = 0
 151              		@ link register save eliminated.
 150:Core/Src/stm32f1xx_it.c ****   /* USER CODE BEGIN DebugMonitor_IRQn 0 */
 151:Core/Src/stm32f1xx_it.c **** 
 152:Core/Src/stm32f1xx_it.c ****   /* USER CODE END DebugMonitor_IRQn 0 */
 153:Core/Src/stm32f1xx_it.c ****   /* USER CODE BEGIN DebugMonitor_IRQn 1 */
 154:Core/Src/stm32f1xx_it.c **** 
 155:Core/Src/stm32f1xx_it.c ****   /* USER CODE END DebugMonitor_IRQn 1 */
 156:Core/Src/stm32f1xx_it.c **** }
 152              		.loc 1 156 1 view .LVU21
 153 0000 7047     		bx	lr
 154              		.cfi_endproc
 155              	.LFE70:
 157              		.section	.text.DMA1_Channel5_IRQHandler,"ax",%progbits
 158              		.align	1
 159              		.global	DMA1_Channel5_IRQHandler
 160              		.syntax unified
 161              		.thumb
 162              		.thumb_func
 163              		.fpu softvfp
 165              	DMA1_Channel5_IRQHandler:
 166              	.LFB71:
 157:Core/Src/stm32f1xx_it.c **** 
 158:Core/Src/stm32f1xx_it.c **** /******************************************************************************/
 159:Core/Src/stm32f1xx_it.c **** /* STM32F1xx Peripheral Interrupt Handlers                                    */
 160:Core/Src/stm32f1xx_it.c **** /* Add here the Interrupt Handlers for the used peripherals.                  */
 161:Core/Src/stm32f1xx_it.c **** /* For the available peripheral interrupt handler names,                      */
 162:Core/Src/stm32f1xx_it.c **** /* please refer to the startup file (startup_stm32f1xx.s).                    */
 163:Core/Src/stm32f1xx_it.c **** /******************************************************************************/
 164:Core/Src/stm32f1xx_it.c **** 
 165:Core/Src/stm32f1xx_it.c **** /**
 166:Core/Src/stm32f1xx_it.c ****   * @brief This function handles DMA1 channel5 global interrupt.
 167:Core/Src/stm32f1xx_it.c ****   */
 168:Core/Src/stm32f1xx_it.c **** void DMA1_Channel5_IRQHandler(void)
 169:Core/Src/stm32f1xx_it.c **** {
 167              		.loc 1 169 1 view -0
 168              		.cfi_startproc
 169              		@ args = 0, pretend = 0, frame = 0
 170              		@ frame_needed = 0, uses_anonymous_args = 0
 171 0000 08B5     		push	{r3, lr}
 172              	.LCFI0:
 173              		.cfi_def_cfa_offset 8
 174              		.cfi_offset 3, -8
 175              		.cfi_offset 14, -4
 170:Core/Src/stm32f1xx_it.c ****   /* USER CODE BEGIN DMA1_Channel5_IRQn 0 */
 171:Core/Src/stm32f1xx_it.c **** 
 172:Core/Src/stm32f1xx_it.c ****   /* USER CODE END DMA1_Channel5_IRQn 0 */
 173:Core/Src/stm32f1xx_it.c ****   HAL_DMA_IRQHandler(&hdma_usart1_rx);
 176              		.loc 1 173 3 view .LVU23
 177 0002 0348     		ldr	r0, .L14
ARM GAS  /tmp/ccyFnh1P.s 			page 7


 178 0004 FFF7FEFF 		bl	HAL_DMA_IRQHandler
 179              	.LVL0:
 174:Core/Src/stm32f1xx_it.c ****   /* USER CODE BEGIN DMA1_Channel5_IRQn 1 */
 175:Core/Src/stm32f1xx_it.c ****   APP_USART1_RxCheckIdle();
 180              		.loc 1 175 3 view .LVU24
 181 0008 FFF7FEFF 		bl	APP_USART1_RxCheckIdle
 182              	.LVL1:
 176:Core/Src/stm32f1xx_it.c **** 
 177:Core/Src/stm32f1xx_it.c ****   /* USER CODE END DMA1_Channel5_IRQn 1 */
 178:Core/Src/stm32f1xx_it.c **** }
 183              		.loc 1 178 1 is_stmt 0 view .LVU25
 184 000c 08BD     		pop	{r3, pc}
 185              	.L15:
 186 000e 00BF     		.align	2
 187              	.L14:
 188 0010 00000000 		.word	hdma_usart1_rx
 189              		.cfi_endproc
 190              	.LFE71:
 192              		.section	.text.TIM4_IRQHandler,"ax",%progbits
 193              		.align	1
 194              		.global	TIM4_IRQHandler
 195              		.syntax unified
 196              		.thumb
 197              		.thumb_func
 198              		.fpu softvfp
 200              	TIM4_IRQHandler:
 201              	.LFB72:
 179:Core/Src/stm32f1xx_it.c **** 
 180:Core/Src/stm32f1xx_it.c **** /**
 181:Core/Src/stm32f1xx_it.c ****   * @brief This function handles TIM4 global interrupt.
 182:Core/Src/stm32f1xx_it.c ****   */
 183:Core/Src/stm32f1xx_it.c **** void TIM4_IRQHandler(void)
 184:Core/Src/stm32f1xx_it.c **** {
 202              		.loc 1 184 1 is_stmt 1 view -0
 203              		.cfi_startproc
 204              		@ args = 0, pretend = 0, frame = 0
 205              		@ frame_needed = 0, uses_anonymous_args = 0
 206 0000 08B5     		push	{r3, lr}
 207              	.LCFI1:
 208              		.cfi_def_cfa_offset 8
 209              		.cfi_offset 3, -8
 210              		.cfi_offset 14, -4
 185:Core/Src/stm32f1xx_it.c ****   /* USER CODE BEGIN TIM4_IRQn 0 */
 186:Core/Src/stm32f1xx_it.c **** 
 187:Core/Src/stm32f1xx_it.c ****   /* USER CODE END TIM4_IRQn 0 */
 188:Core/Src/stm32f1xx_it.c ****   HAL_TIM_IRQHandler(&htim4);
 211              		.loc 1 188 3 view .LVU27
 212 0002 0248     		ldr	r0, .L18
 213 0004 FFF7FEFF 		bl	HAL_TIM_IRQHandler
 214              	.LVL2:
 189:Core/Src/stm32f1xx_it.c ****   /* USER CODE BEGIN TIM4_IRQn 1 */
 190:Core/Src/stm32f1xx_it.c **** 
 191:Core/Src/stm32f1xx_it.c ****   /* USER CODE END TIM4_IRQn 1 */
 192:Core/Src/stm32f1xx_it.c **** }
 215              		.loc 1 192 1 is_stmt 0 view .LVU28
 216 0008 08BD     		pop	{r3, pc}
 217              	.L19:
ARM GAS  /tmp/ccyFnh1P.s 			page 8


 218 000a 00BF     		.align	2
 219              	.L18:
 220 000c 00000000 		.word	htim4
 221              		.cfi_endproc
 222              	.LFE72:
 224              		.section	.text.USART1_IRQHandler,"ax",%progbits
 225              		.align	1
 226              		.global	USART1_IRQHandler
 227              		.syntax unified
 228              		.thumb
 229              		.thumb_func
 230              		.fpu softvfp
 232              	USART1_IRQHandler:
 233              	.LFB73:
 193:Core/Src/stm32f1xx_it.c **** 
 194:Core/Src/stm32f1xx_it.c **** /**
 195:Core/Src/stm32f1xx_it.c ****   * @brief This function handles USART1 global interrupt.
 196:Core/Src/stm32f1xx_it.c ****   */
 197:Core/Src/stm32f1xx_it.c **** void USART1_IRQHandler(void)
 198:Core/Src/stm32f1xx_it.c **** {
 234              		.loc 1 198 1 is_stmt 1 view -0
 235              		.cfi_startproc
 236              		@ args = 0, pretend = 0, frame = 8
 237              		@ frame_needed = 0, uses_anonymous_args = 0
 238 0000 00B5     		push	{lr}
 239              	.LCFI2:
 240              		.cfi_def_cfa_offset 4
 241              		.cfi_offset 14, -4
 242 0002 83B0     		sub	sp, sp, #12
 243              	.LCFI3:
 244              		.cfi_def_cfa_offset 16
 199:Core/Src/stm32f1xx_it.c ****   /* USER CODE BEGIN USART1_IRQn 0 */
 200:Core/Src/stm32f1xx_it.c ****   if ((__HAL_UART_GET_FLAG(&huart1, UART_FLAG_IDLE) != RESET) &&
 245              		.loc 1 200 3 view .LVU30
 246              		.loc 1 200 8 is_stmt 0 view .LVU31
 247 0004 0C4B     		ldr	r3, .L24
 248 0006 1B68     		ldr	r3, [r3]
 249 0008 1A68     		ldr	r2, [r3]
 250              		.loc 1 200 6 view .LVU32
 251 000a 12F0100F 		tst	r2, #16
 252 000e 03D0     		beq	.L21
 201:Core/Src/stm32f1xx_it.c ****       (__HAL_UART_GET_IT_SOURCE(&huart1, UART_IT_IDLE) != RESET))
 253              		.loc 1 201 8 discriminator 1 view .LVU33
 254 0010 DA68     		ldr	r2, [r3, #12]
 200:Core/Src/stm32f1xx_it.c ****       (__HAL_UART_GET_IT_SOURCE(&huart1, UART_IT_IDLE) != RESET))
 255              		.loc 1 200 63 discriminator 1 view .LVU34
 256 0012 12F0100F 		tst	r2, #16
 257 0016 05D1     		bne	.L23
 258              	.L21:
 202:Core/Src/stm32f1xx_it.c ****   {
 203:Core/Src/stm32f1xx_it.c ****     __HAL_UART_CLEAR_IDLEFLAG(&huart1);
 204:Core/Src/stm32f1xx_it.c ****     APP_USART1_RxCheckIdle();
 205:Core/Src/stm32f1xx_it.c ****   }
 206:Core/Src/stm32f1xx_it.c **** 
 207:Core/Src/stm32f1xx_it.c ****   /* USER CODE END USART1_IRQn 0 */
 208:Core/Src/stm32f1xx_it.c ****   HAL_UART_IRQHandler(&huart1);
 259              		.loc 1 208 3 is_stmt 1 view .LVU35
ARM GAS  /tmp/ccyFnh1P.s 			page 9


 260 0018 0748     		ldr	r0, .L24
 261 001a FFF7FEFF 		bl	HAL_UART_IRQHandler
 262              	.LVL3:
 209:Core/Src/stm32f1xx_it.c ****   /* USER CODE BEGIN USART1_IRQn 1 */
 210:Core/Src/stm32f1xx_it.c **** 
 211:Core/Src/stm32f1xx_it.c ****   /* USER CODE END USART1_IRQn 1 */
 212:Core/Src/stm32f1xx_it.c **** }
 263              		.loc 1 212 1 is_stmt 0 view .LVU36
 264 001e 03B0     		add	sp, sp, #12
 265              	.LCFI4:
 266              		.cfi_remember_state
 267              		.cfi_def_cfa_offset 4
 268              		@ sp needed
 269 0020 5DF804FB 		ldr	pc, [sp], #4
 270              	.L23:
 271              	.LCFI5:
 272              		.cfi_restore_state
 203:Core/Src/stm32f1xx_it.c ****     APP_USART1_RxCheckIdle();
 273              		.loc 1 203 5 is_stmt 1 view .LVU37
 274              	.LBB2:
 203:Core/Src/stm32f1xx_it.c ****     APP_USART1_RxCheckIdle();
 275              		.loc 1 203 5 view .LVU38
 276 0024 0022     		movs	r2, #0
 277 0026 0192     		str	r2, [sp, #4]
 203:Core/Src/stm32f1xx_it.c ****     APP_USART1_RxCheckIdle();
 278              		.loc 1 203 5 view .LVU39
 279 0028 1A68     		ldr	r2, [r3]
 280 002a 0192     		str	r2, [sp, #4]
 203:Core/Src/stm32f1xx_it.c ****     APP_USART1_RxCheckIdle();
 281              		.loc 1 203 5 view .LVU40
 282 002c 5B68     		ldr	r3, [r3, #4]
 283 002e 0193     		str	r3, [sp, #4]
 203:Core/Src/stm32f1xx_it.c ****     APP_USART1_RxCheckIdle();
 284              		.loc 1 203 5 view .LVU41
 285 0030 019B     		ldr	r3, [sp, #4]
 286              	.LBE2:
 203:Core/Src/stm32f1xx_it.c ****     APP_USART1_RxCheckIdle();
 287              		.loc 1 203 5 view .LVU42
 204:Core/Src/stm32f1xx_it.c ****   }
 288              		.loc 1 204 5 view .LVU43
 289 0032 FFF7FEFF 		bl	APP_USART1_RxCheckIdle
 290              	.LVL4:
 291 0036 EFE7     		b	.L21
 292              	.L25:
 293              		.align	2
 294              	.L24:
 295 0038 00000000 		.word	huart1
 296              		.cfi_endproc
 297              	.LFE73:
 299              		.text
 300              	.Letext0:
 301              		.file 2 "/usr/lib/gcc/arm-none-eabi/10.3.1/include/stdint.h"
 302              		.file 3 "Drivers/CMSIS/Device/ST/STM32F1xx/Include/stm32f103xb.h"
 303              		.file 4 "Drivers/CMSIS/Device/ST/STM32F1xx/Include/stm32f1xx.h"
 304              		.file 5 "Drivers/STM32F1xx_HAL_Driver/Inc/stm32f1xx_hal_def.h"
 305              		.file 6 "Drivers/STM32F1xx_HAL_Driver/Inc/stm32f1xx_hal_dma.h"
 306              		.file 7 "Drivers/STM32F1xx_HAL_Driver/Inc/stm32f1xx_hal_tim.h"
ARM GAS  /tmp/ccyFnh1P.s 			page 10


 307              		.file 8 "Drivers/STM32F1xx_HAL_Driver/Inc/stm32f1xx_hal_uart.h"
 308              		.file 9 "Core/Inc/usart.h"
ARM GAS  /tmp/ccyFnh1P.s 			page 11


DEFINED SYMBOLS
                            *ABS*:0000000000000000 stm32f1xx_it.c
     /tmp/ccyFnh1P.s:16     .text.NMI_Handler:0000000000000000 $t
     /tmp/ccyFnh1P.s:24     .text.NMI_Handler:0000000000000000 NMI_Handler
     /tmp/ccyFnh1P.s:42     .text.HardFault_Handler:0000000000000000 $t
     /tmp/ccyFnh1P.s:49     .text.HardFault_Handler:0000000000000000 HardFault_Handler
     /tmp/ccyFnh1P.s:66     .text.MemManage_Handler:0000000000000000 $t
     /tmp/ccyFnh1P.s:73     .text.MemManage_Handler:0000000000000000 MemManage_Handler
     /tmp/ccyFnh1P.s:90     .text.BusFault_Handler:0000000000000000 $t
     /tmp/ccyFnh1P.s:97     .text.BusFault_Handler:0000000000000000 BusFault_Handler
     /tmp/ccyFnh1P.s:114    .text.UsageFault_Handler:0000000000000000 $t
     /tmp/ccyFnh1P.s:121    .text.UsageFault_Handler:0000000000000000 UsageFault_Handler
     /tmp/ccyFnh1P.s:138    .text.DebugMon_Handler:0000000000000000 $t
     /tmp/ccyFnh1P.s:145    .text.DebugMon_Handler:0000000000000000 DebugMon_Handler
     /tmp/ccyFnh1P.s:158    .text.DMA1_Channel5_IRQHandler:0000000000000000 $t
     /tmp/ccyFnh1P.s:165    .text.DMA1_Channel5_IRQHandler:0000000000000000 DMA1_Channel5_IRQHandler
     /tmp/ccyFnh1P.s:188    .text.DMA1_Channel5_IRQHandler:0000000000000010 $d
     /tmp/ccyFnh1P.s:193    .text.TIM4_IRQHandler:0000000000000000 $t
     /tmp/ccyFnh1P.s:200    .text.TIM4_IRQHandler:0000000000000000 TIM4_IRQHandler
     /tmp/ccyFnh1P.s:220    .text.TIM4_IRQHandler:000000000000000c $d
     /tmp/ccyFnh1P.s:225    .text.USART1_IRQHandler:0000000000000000 $t
     /tmp/ccyFnh1P.s:232    .text.USART1_IRQHandler:0000000000000000 USART1_IRQHandler
     /tmp/ccyFnh1P.s:295    .text.USART1_IRQHandler:0000000000000038 $d

UNDEFINED SYMBOLS
HAL_DMA_IRQHandler
APP_USART1_RxCheckIdle
hdma_usart1_rx
HAL_TIM_IRQHandler
htim4
HAL_UART_IRQHandler
huart1
